<?xml version="1.0" encoding="UTF-8"?>
<!-- Generated by org.testng.reporters.JUnitXMLReporter -->
<testsuite hostname="DESKTOP-IAHLSLS" ignored="0" name="Default test" tests="3" failures="0" timestamp="2022-09-04T09:25:00 IST" time="1.04" errors="0">
  <testcase name="PersonalLoanTest" time="0.192" classname="test.LoanTest"/>
  <testcase name="PersonalLoanTest2" time="0.007" classname="test.LoanTest"/>
  <testcase name="HomeLoan" time="0.564" classname="test.LoanTest"/>
</testsuite> <!-- Default test -->
