<?xml version="1.0" encoding="UTF-8"?>
<!-- Generated by org.testng.reporters.JUnitXMLReporter -->
<testsuite hostname="DESKTOP-IAHLSLS" ignored="3" name="Test" tests="3" failures="0" timestamp="2022-09-03T12:45:32 IST" time="0.21" errors="0">
  <testcase name="HomeLoan" time="0.013" classname="test.LoanTest"/>
  <testcase name="PersonalLoanTest" time="0.003" classname="test.LoanTest"/>
  <testcase name="CCTEst" time="0.006" classname="test.CardTest"/>
  <testcase name="@BeforeTest Method3" time="0.0" classname="test.BaseClass">
    <ignored/>
  </testcase> <!-- @BeforeTest Method3 -->
  <testcase name="PersonalLoanTest2" time="0.0" classname="test.LoanTest">
    <ignored/>
  </testcase> <!-- PersonalLoanTest2 -->
  <testcase name="@AfterTest Method4" time="0.0" classname="test.BaseClass">
    <ignored/>
  </testcase> <!-- @AfterTest Method4 -->
</testsuite> <!-- Test -->
