<?xml version="1.0" encoding="UTF-8"?>
<testng-results skipped="0" failed="0" ignored="0" total="3" passed="3">
  <reporter-output>
  </reporter-output>
  <suite name="Default suite" duration-ms="1040" started-at="2022-09-04T09:24:59 IST" finished-at="2022-09-04T09:25:00 IST">
    <groups>
      <group name="Sanity">
        <method signature="LoanTest.HomeLoan()[pri:2, instance:test.LoanTest@5f282abb]" name="HomeLoan" class="test.LoanTest"/>
      </group> <!-- Sanity -->
      <group name="regression">
        <method signature="LoanTest.HomeLoan()[pri:2, instance:test.LoanTest@5f282abb]" name="HomeLoan" class="test.LoanTest"/>
        <method signature="LoanTest.PersonalLoanTest()[pri:0, instance:test.LoanTest@5f282abb]" name="PersonalLoanTest" class="test.LoanTest"/>
      </group> <!-- regression -->
    </groups>
    <test name="Default test" duration-ms="1040" started-at="2022-09-04T09:24:59 IST" finished-at="2022-09-04T09:25:00 IST">
      <class name="test.LoanTest">
        <test-method status="PASS" signature="Method3()[pri:0, instance:test.LoanTest@5f282abb]" name="Method3" is-config="true" duration-ms="16" started-at="2022-09-04T09:24:59 IST" finished-at="2022-09-04T09:24:59 IST">
          <reporter-output>
          </reporter-output>
        </test-method> <!-- Method3 -->
        <test-method status="PASS" signature="Method1()[pri:0, instance:test.LoanTest@5f282abb]" name="Method1" is-config="true" duration-ms="2" started-at="2022-09-04T09:24:59 IST" finished-at="2022-09-04T09:24:59 IST">
          <reporter-output>
          </reporter-output>
        </test-method> <!-- Method1 -->
        <test-method status="PASS" signature="PersonalLoanTest()[pri:0, instance:test.LoanTest@5f282abb]" name="PersonalLoanTest" duration-ms="192" started-at="2022-09-04T09:24:59 IST" finished-at="2022-09-04T09:24:59 IST">
          <reporter-output>
          </reporter-output>
        </test-method> <!-- PersonalLoanTest -->
        <test-method status="PASS" signature="Method2()[pri:0, instance:test.LoanTest@5f282abb]" name="Method2" is-config="true" duration-ms="0" started-at="2022-09-04T09:24:59 IST" finished-at="2022-09-04T09:24:59 IST">
          <reporter-output>
          </reporter-output>
        </test-method> <!-- Method2 -->
        <test-method status="PASS" signature="Method1()[pri:0, instance:test.LoanTest@5f282abb]" name="Method1" is-config="true" duration-ms="3" started-at="2022-09-04T09:24:59 IST" finished-at="2022-09-04T09:24:59 IST">
          <reporter-output>
          </reporter-output>
        </test-method> <!-- Method1 -->
        <test-method status="PASS" signature="PersonalLoanTest2()[pri:0, instance:test.LoanTest@5f282abb]" name="PersonalLoanTest2" duration-ms="7" started-at="2022-09-04T09:24:59 IST" description="This is PL" finished-at="2022-09-04T09:24:59 IST">
          <reporter-output>
          </reporter-output>
        </test-method> <!-- PersonalLoanTest2 -->
        <test-method status="PASS" signature="Method2()[pri:0, instance:test.LoanTest@5f282abb]" name="Method2" is-config="true" duration-ms="0" started-at="2022-09-04T09:24:59 IST" finished-at="2022-09-04T09:24:59 IST">
          <reporter-output>
          </reporter-output>
        </test-method> <!-- Method2 -->
        <test-method status="PASS" signature="HomeLoan()[pri:2, instance:test.LoanTest@5f282abb]" name="HomeLoan" duration-ms="564" started-at="2022-09-04T09:24:59 IST" finished-at="2022-09-04T09:25:00 IST">
          <reporter-output>
          </reporter-output>
        </test-method> <!-- HomeLoan -->
        <test-method status="PASS" signature="Method1()[pri:0, instance:test.LoanTest@5f282abb]" name="Method1" is-config="true" duration-ms="0" started-at="2022-09-04T09:24:59 IST" finished-at="2022-09-04T09:24:59 IST">
          <reporter-output>
          </reporter-output>
        </test-method> <!-- Method1 -->
        <test-method status="PASS" signature="Method2()[pri:0, instance:test.LoanTest@5f282abb]" name="Method2" is-config="true" duration-ms="0" started-at="2022-09-04T09:25:00 IST" finished-at="2022-09-04T09:25:00 IST">
          <reporter-output>
          </reporter-output>
        </test-method> <!-- Method2 -->
        <test-method status="PASS" signature="Method4()[pri:0, instance:test.LoanTest@5f282abb]" name="Method4" is-config="true" duration-ms="1" started-at="2022-09-04T09:25:00 IST" finished-at="2022-09-04T09:25:00 IST">
          <reporter-output>
          </reporter-output>
        </test-method> <!-- Method4 -->
      </class> <!-- test.LoanTest -->
    </test> <!-- Default test -->
  </suite> <!-- Default suite -->
</testng-results>
